# JRE version: OpenJDK Runtime Environment Microsoft-11369942 (21.0.7+6) (build 21.0.7+6-LTS)
# Java VM: OpenJDK 64-Bit Server VM Microsoft-11369942 (21.0.7+6-LTS, mixed mode, sharing, tiered, compressed oops, compressed class ptrs, g1 gc, linux-amd64)
GC Precious Log:
 CardTable entry size: 512
 Card Set container configuration: InlinePtr #cards 4 size 8 Array Of Cards #cards 16 size 48 Howl #buckets 8 coarsen threshold 3686 Howl Bitmap #cards 512 size 80 coarsen threshold 460 Card regions per heap region 1 cards per card region 4096
 CPUs: 4 total, 4 available
 Memory: 15995M
 Large Page Support: Disabled
 NUMA Support: Disabled
 Compressed Oops: Enabled (Zero based)
 Heap Region Size: 2M
 Heap Min Capacity: 8M
 Heap Initial Capacity: 250M
 Heap Max Capacity: 4000M
 Pre-touch: Disabled
 Parallel Workers: 4
 Concurrent Workers: 1
 Concurrent Refinement Workers: 4
 Periodic GC: Disabled
Heap:
 garbage-first heap   total 258048K, used 75907K [0x0000000706000000, 0x0000000800000000)
  region size 2048K, 21 young (43008K), 1 survivors (2048K)
 Metaspace       used 16975K, committed 17344K, reserved 1114112K
  class space    used 1816K, committed 1984K, reserved 1048576K
GC Heap History (8 events):
Event: 0.486 GC heap before
{Heap before GC invocations=0 (full 0):
 garbage-first heap   total 258048K, used 13361K [0x0000000706000000, 0x0000000800000000)
  region size 2048K, 6 young (12288K), 0 survivors (0K)
 Metaspace       used 7330K, committed 7552K, reserved 1114112K
  class space    used 767K, committed 896K, reserved 1048576K
}
Event: 0.489 GC heap after
{Heap after GC invocations=1 (full 0):
 garbage-first heap   total 258048K, used 4308K [0x0000000706000000, 0x0000000800000000)
  region size 2048K, 1 young (2048K), 1 survivors (2048K)
 Metaspace       used 7330K, committed 7552K, reserved 1114112K
  class space    used 767K, committed 896K, reserved 1048576K
}
Event: 1.969 GC heap before
{Heap before GC invocations=1 (full 0):
 garbage-first heap   total 258048K, used 20692K [0x0000000706000000, 0x0000000800000000)
  region size 2048K, 7 young (14336K), 1 survivors (2048K)
 Metaspace       used 8976K, committed 9280K, reserved 1114112K
  class space    used 935K, committed 1088K, reserved 1048576K
}
Event: 1.973 GC heap after
{Heap after GC invocations=2 (full 0):
 garbage-first heap   total 258048K, used 5271K [0x0000000706000000, 0x0000000800000000)
  region size 2048K, 1 young (2048K), 1 survivors (2048K)
 Metaspace       used 8976K, committed 9280K, reserved 1114112K
  class space    used 935K, committed 1088K, reserved 1048576K
}
Event: 9.676 GC heap before
{Heap before GC invocations=2 (full 0):
 garbage-first heap   total 258048K, used 126103K [0x0000000706000000, 0x0000000800000000)
  region size 2048K, 22 young (45056K), 1 survivors (2048K)
 Metaspace       used 10246K, committed 10496K, reserved 1114112K
  class space    used 1033K, committed 1152K, reserved 1048576K
}
Event: 9.680 GC heap after
{Heap after GC invocations=3 (full 0):
 garbage-first heap   total 258048K, used 26545K [0x0000000706000000, 0x0000000800000000)
  region size 2048K, 3 young (6144K), 3 survivors (6144K)
 Metaspace       used 10246K, committed 10496K, reserved 1114112K
  class space    used 1033K, committed 1152K, reserved 1048576K
}
Event: 10.299 GC heap before
{Heap before GC invocations=3 (full 0):
 garbage-first heap   total 258048K, used 94129K [0x0000000706000000, 0x0000000800000000)
  region size 2048K, 36 young (73728K), 3 survivors (6144K)
 Metaspace       used 10305K, committed 10560K, reserved 1114112K
  class space    used 1034K, committed 1152K, reserved 1048576K
}
Event: 10.301 GC heap after
{Heap after GC invocations=4 (full 0):
 garbage-first heap   total 258048K, used 26755K [0x0000000706000000, 0x0000000800000000)
  region size 2048K, 1 young (2048K), 1 survivors (2048K)
 Metaspace       used 10305K, committed 10560K, reserved 1114112K
  class space    used 1034K, committed 1152K, reserved 1048576K
}

